[2025-12-20 03:39:20,531] INFO in logger: Job Search Application logger initialized
[2025-12-20 03:39:20,531] INFO in logger: Job Search Application logger initialized
[2025-12-20 03:39:20,533] INFO in app: Application initialized in development mode
[2025-12-20 03:39:20,533] INFO in app: Application initialized in development mode

======================================================================
🚀 Job Search Application Starting...
======================================================================
📍 Local URL:    http://localhost:5000
📍 Network URL:  http://127.0.0.1:5000
======================================================================
Press Ctrl+C to stop the server

 * Serving Flask app 'job_search_app.app'
 * Debug mode: on
[2025-12-20 03:40:23,487] INFO in api: Job search request: ['java'] in New York, NY, USA
[2025-12-20 03:40:23,487] INFO in api: Job search request: ['java'] in New York, NY, USA
[2025-12-20 03:40:23,487] INFO in api: Searching for: java
[2025-12-20 03:40:23,487] INFO in api: Searching for: java
2025-12-20 03:40:23,489 - INFO - JobSpy:indeed - search page: 1 / 1
2025-12-20 03:40:23,490 - INFO - JobSpy:linkedin - search page: 1 / 2
2025-12-20 03:40:24,389 - INFO - JobSpy:indeed - Indeed scrape processing completed by scrape_site wrapper.
2025-12-20 03:40:29,824 - INFO - JobSpy:linkedin - search page: 2 / 2
2025-12-20 03:40:30,654 - INFO - JobSpy:linkedin - Linkedin scrape processing completed by scrape_site wrapper.
